Using pre-set license
Built from '2021.3/staging' branch; Version is '2021.3.0f1 (6eacc8284459) revision 7253192'; Using compiler version '192829333'; Build Type 'Release'
OS: 'Windows 10  (10.0.19044) 64bit Professional' Language: 'en' Physical Memory: 16253 MB
BatchMode: 1, IsHumanControllingUs: 0, StartBugReporterOnCrash: 0, Is64bit: 1, IsPro: 1

COMMAND LINE ARGUMENTS:
C:\Program Files\Unity\Hub\Editor\2021.3.0f1\Editor\Unity.exe
-adb2
-batchMode
-noUpm
-name
AssetImportWorker0
-projectPath
C:/Users/sergio/Desktop/Proyectodeclase/Proyectofinaljuego
-logFile
Logs/AssetImportWorker0.log
-srvPort
57387
Successfully changed project path to: C:/Users/sergio/Desktop/Proyectodeclase/Proyectofinaljuego
C:/Users/sergio/Desktop/Proyectodeclase/Proyectofinaljuego
[UnityMemory] Configuration Parameters - Can be set up in boot.config
    "memorysetup-bucket-allocator-granularity=16"
    "memorysetup-bucket-allocator-bucket-count=8"
    "memorysetup-bucket-allocator-block-size=33554432"
    "memorysetup-bucket-allocator-block-count=8"
    "memorysetup-main-allocator-block-size=16777216"
    "memorysetup-thread-allocator-block-size=16777216"
    "memorysetup-gfx-main-allocator-block-size=16777216"
    "memorysetup-gfx-thread-allocator-block-size=16777216"
    "memorysetup-cache-allocator-block-size=4194304"
    "memorysetup-typetree-allocator-block-size=2097152"
    "memorysetup-profiler-bucket-allocator-granularity=16"
    "memorysetup-profiler-bucket-allocator-bucket-count=8"
    "memorysetup-profiler-bucket-allocator-block-size=33554432"
    "memorysetup-profiler-bucket-allocator-block-count=8"
    "memorysetup-profiler-allocator-block-size=16777216"
    "memorysetup-profiler-editor-allocator-block-size=1048576"
    "memorysetup-temp-allocator-size-main=16777216"
    "memorysetup-job-temp-allocator-block-size=2097152"
    "memorysetup-job-temp-allocator-block-size-background=1048576"
    "memorysetup-job-temp-allocator-reduction-small-platforms=262144"
    "memorysetup-temp-allocator-size-background-worker=32768"
    "memorysetup-temp-allocator-size-job-worker=262144"
    "memorysetup-temp-allocator-size-preload-manager=33554432"
    "memorysetup-temp-allocator-size-nav-mesh-worker=65536"
    "memorysetup-temp-allocator-size-audio-worker=65536"
    "memorysetup-temp-allocator-size-cloud-worker=32768"
    "memorysetup-temp-allocator-size-gi-baking-worker=262144"
    "memorysetup-temp-allocator-size-gfx=262144"
Refreshing native plugins compatible for Editor in 80.43 ms, found 3 plugins.
Preloading 0 native plugins for Editor in 0.00 ms.
Initialize engine version: 2021.3.0f1 (6eacc8284459)
[Subsystems] Discovering subsystems at path C:/Program Files/Unity/Hub/Editor/2021.3.0f1/Editor/Data/Resources/UnitySubsystems
[Subsystems] Discovering subsystems at path C:/Users/sergio/Desktop/Proyectodeclase/Proyectofinaljuego/Assets
GfxDevice: creating device client; threaded=0; jobified=0
Direct3D:
    Version:  Direct3D 11.0 [level 11.1]
    Renderer: NVIDIA GeForce RTX 3060 (ID=0x2504)
    Vendor:   NVIDIA
    VRAM:     12142 MB
    Driver:   30.0.15.1123
Initialize mono
Mono path[0] = 'C:/Program Files/Unity/Hub/Editor/2021.3.0f1/Editor/Data/Managed'
Mono path[1] = 'C:/Program Files/Unity/Hub/Editor/2021.3.0f1/Editor/Data/MonoBleedingEdge/lib/mono/unityjit-win32'
Mono config path = 'C:/Program Files/Unity/Hub/Editor/2021.3.0f1/Editor/Data/MonoBleedingEdge/etc'
Using monoOptions --debugger-agent=transport=dt_socket,embedding=1,server=y,suspend=n,address=127.0.0.1:56880
Begin MonoManager ReloadAssembly
Registering precompiled unity dll's ...
Register platform support module: C:/Program Files/Unity/Hub/Editor/2021.3.0f1/Editor/Data/PlaybackEngines/WindowsStandaloneSupport/UnityEditor.WindowsStandalone.Extensions.dll
Registered in 0.008627 seconds.
Native extension for WindowsStandalone target not found
Refreshing native plugins compatible for Editor in 77.43 ms, found 3 plugins.
Preloading 0 native plugins for Editor in 0.00 ms.
Mono: successfully reloaded assembly
- Completed reload, in  0.651 seconds
Domain Reload Profiling:
	ReloadAssembly (651ms)
		BeginReloadAssembly (74ms)
			ExecutionOrderSort (0ms)
			DisableScriptedObjects (0ms)
			BackupInstance (0ms)
			ReleaseScriptingObjects (0ms)
			CreateAndSetChildDomain (1ms)
		EndReloadAssembly (464ms)
			LoadAssemblies (72ms)
			RebuildTransferFunctionScriptingTraits (0ms)
			SetupTypeCache (110ms)
			ReleaseScriptCaches (0ms)
			RebuildScriptCaches (31ms)
			SetupLoadedEditorAssemblies (270ms)
				LogAssemblyErrors (0ms)
				InitializePlatformSupportModulesInManaged (8ms)
				SetLoadedEditorAssemblies (0ms)
				RefreshPlugins (78ms)
				BeforeProcessingInitializeOnLoad (1ms)
				ProcessInitializeOnLoadAttributes (137ms)
				ProcessInitializeOnLoadMethodAttributes (46ms)
				AfterProcessingInitializeOnLoad (0ms)
				EditorAssembliesLoaded (0ms)
			ExecutionOrderSort2 (0ms)
			AwakeInstancesAfterBackupRestoration (0ms)
Platform modules already initialized, skipping
Registering precompiled user dll's ...
Registered in 0.004572 seconds.
Begin MonoManager ReloadAssembly
Symbol file LoadedFromMemory doesn't match image C:\Users\sergio\Desktop\Proyectodeclase\Proyectofinaljuego\Library\PackageCache\com.unity.visualscripting@1.7.6\Editor\VisualScripting.Core\Dependencies\YamlDotNet\Unity.VisualScripting.YamlDotNet.dll
Symbol file LoadedFromMemory is not a mono symbol file
Symbol file LoadedFromMemory doesn't match image C:\Users\sergio\Desktop\Proyectodeclase\Proyectofinaljuego\Library\PackageCache\com.unity.visualscripting@1.7.6\Editor\VisualScripting.Core\Dependencies\DotNetZip\Unity.VisualScripting.IonicZip.dll
Native extension for WindowsStandalone target not found
Refreshing native plugins compatible for Editor in 0.48 ms, found 3 plugins.
Preloading 0 native plugins for Editor in 0.00 ms.
Mono: successfully reloaded assembly
- Completed reload, in  1.035 seconds
Domain Reload Profiling:
	ReloadAssembly (1036ms)
		BeginReloadAssembly (133ms)
			ExecutionOrderSort (0ms)
			DisableScriptedObjects (6ms)
			BackupInstance (0ms)
			ReleaseScriptingObjects (0ms)
			CreateAndSetChildDomain (25ms)
		EndReloadAssembly (775ms)
			LoadAssemblies (99ms)
			RebuildTransferFunctionScriptingTraits (0ms)
			SetupTypeCache (242ms)
			ReleaseScriptCaches (1ms)
			RebuildScriptCaches (51ms)
			SetupLoadedEditorAssemblies (352ms)
				LogAssemblyErrors (0ms)
				InitializePlatformSupportModulesInManaged (6ms)
				SetLoadedEditorAssemblies (0ms)
				RefreshPlugins (1ms)
				BeforeProcessingInitializeOnLoad (85ms)
				ProcessInitializeOnLoadAttributes (226ms)
				ProcessInitializeOnLoadMethodAttributes (24ms)
				AfterProcessingInitializeOnLoad (9ms)
				EditorAssembliesLoaded (0ms)
			ExecutionOrderSort2 (0ms)
			AwakeInstancesAfterBackupRestoration (6ms)
Platform modules already initialized, skipping
========================================================================
Worker process is ready to serve import requests
Launched and connected shader compiler UnityShaderCompiler.exe after 0.08 seconds
Refreshing native plugins compatible for Editor in 0.85 ms, found 3 plugins.
Preloading 0 native plugins for Editor in 0.00 ms.
Unloading 3225 Unused Serialized files (Serialized files now loaded: 0)
Unloading 23 unused Assets / (112.4 KB). Loaded Objects now: 3685.
Memory consumption went from 112.1 MB to 112.0 MB.
Total: 3.668600 ms (FindLiveObjects: 0.272500 ms CreateObjectMapping: 0.300400 ms MarkObjects: 2.990300 ms  DeleteObjects: 0.104400 ms)

AssetImportParameters requested are different than current active one (requested -> active):
  custom:video-decoder-ogg-theora: a1e56fd34408186e4bbccfd4996cb3dc -> 
  custom:container-muxer-webm: aa71ff27fc2769a1b78a27578f13a17b -> 
  custom:container-demuxer-webm: 4f35f7cbe854078d1ac9338744f61a02 -> 
  custom:video-encoder-webm-vp8: eb34c28f22e8b96e1ab97ce403110664 -> 
  custom:audio-encoder-webm-vorbis: bf7c407c2cedff20999df2af8eb42d56 -> 
  custom:framework-win-MediaFoundation: 216162199b28c13a410421893ffa2e32 -> 
  custom:container-demuxer-ogg: 62fdf1f143b41e24485cea50d1cbac27 -> 
  custom:video-decoder-webm-vp8: 9c59270c3fd7afecdb556c50c9e8de78 -> 
  custom:audio-decoder-ogg-vorbis: bf7c407c2cedff20999df2af8eb42d56 -> 
========================================================================
Received Import Request.
  Time since last request: 180138.554543 seconds.
  path: Assets
  artifactKey: Guid(00000000000000001000000000000000) Importer(815301076,1909f56bfc062723c751e8b465ee728b)
Start importing Assets using Guid(00000000000000001000000000000000) Importer(815301076,1909f56bfc062723c751e8b465ee728b)  -> (artifact id: '79842766b460edbeab6a34051e857a80') in 0.009234 seconds 
========================================================================
Received Import Request.
  Time since last request: 2.196971 seconds.
  path: Assets/sergio
  artifactKey: Guid(3d4f4fa2ff3369d4383d78397cadfdef) Importer(815301076,1909f56bfc062723c751e8b465ee728b)
Start importing Assets/sergio using Guid(3d4f4fa2ff3369d4383d78397cadfdef) Importer(815301076,1909f56bfc062723c751e8b465ee728b)  -> (artifact id: '5c277a79b4d208e74bdee6112f56ebe6') in 0.006969 seconds 
========================================================================
Received Import Request.
  Time since last request: 5.512457 seconds.
  path: Assets/carlos
  artifactKey: Guid(4596ee00628f3f642b6730133dbb51a0) Importer(815301076,1909f56bfc062723c751e8b465ee728b)
Start importing Assets/carlos using Guid(4596ee00628f3f642b6730133dbb51a0) Importer(815301076,1909f56bfc062723c751e8b465ee728b)  -> (artifact id: '82ffb26589aa80c8ead43d3276333c54') in 0.006690 seconds 
========================================================================
Received Import Request.
  Time since last request: 6.597412 seconds.
  path: Assets/maria
  artifactKey: Guid(aa437ed3628e1764c841f6b9b5e0d881) Importer(815301076,1909f56bfc062723c751e8b465ee728b)
Start importing Assets/maria using Guid(aa437ed3628e1764c841f6b9b5e0d881) Importer(815301076,1909f56bfc062723c751e8b465ee728b)  -> (artifact id: '7383bdf2a0b4fcb108b8792797a3801d') in 0.007142 seconds 
========================================================================
Received Import Request.
  Time since last request: 5.982284 seconds.
  path: Assets/sergio/script
  artifactKey: Guid(c97cc7ee18294f84585bdfd38bedca57) Importer(815301076,1909f56bfc062723c751e8b465ee728b)
Start importing Assets/sergio/script using Guid(c97cc7ee18294f84585bdfd38bedca57) Importer(815301076,1909f56bfc062723c751e8b465ee728b)  -> (artifact id: 'b45707735a4122fdb32eba7013c38069') in 0.005549 seconds 
========================================================================
Received Import Request.
  Time since last request: 4.553979 seconds.
  path: Assets/sergio/prefab
  artifactKey: Guid(7943ef72280693546b7fde7c53959ce1) Importer(815301076,1909f56bfc062723c751e8b465ee728b)
Start importing Assets/sergio/prefab using Guid(7943ef72280693546b7fde7c53959ce1) Importer(815301076,1909f56bfc062723c751e8b465ee728b)  -> (artifact id: '3fed10faf8771f32434b462334e9176b') in 0.005607 seconds 
========================================================================
Received Import Request.
  Time since last request: 5.161332 seconds.
  path: Assets/sergio/Material
  artifactKey: Guid(bc84f8c7c31154448a4f15938db9f359) Importer(815301076,1909f56bfc062723c751e8b465ee728b)
Start importing Assets/sergio/Material using Guid(bc84f8c7c31154448a4f15938db9f359) Importer(815301076,1909f56bfc062723c751e8b465ee728b)  -> (artifact id: 'ca13db7704ae4542e9e4aa328fd6090b') in 0.006290 seconds 
========================================================================
Received Import Request.
  Time since last request: 4.647990 seconds.
  path: Assets/sergio/texture
  artifactKey: Guid(1e183cae079f5fe4a841679d17b9a898) Importer(815301076,1909f56bfc062723c751e8b465ee728b)
Start importing Assets/sergio/texture using Guid(1e183cae079f5fe4a841679d17b9a898) Importer(815301076,1909f56bfc062723c751e8b465ee728b)  -> (artifact id: '204fa2dc9330ce9092f8a23f38b8fc90') in 0.005498 seconds 
========================================================================
Received Import Request.
  Time since last request: 10.277772 seconds.
  path: Assets/sergio/prefab/Grass.fbx
  artifactKey: Guid(3c1040c6867ba3244845c6214a715f19) Importer(815301076,1909f56bfc062723c751e8b465ee728b)
Start importing Assets/sergio/prefab/Grass.fbx using Guid(3c1040c6867ba3244845c6214a715f19) Importer(815301076,1909f56bfc062723c751e8b465ee728b)  -> (artifact id: '1664b42d4839696ae7e7799ade8dc040') in 0.385665 seconds 
========================================================================
Received Import Request.
  Time since last request: 6.410128 seconds.
  path: Assets/sergio/prefab/bush.fbx
  artifactKey: Guid(dc56bce5a62c0874481dc57213a91437) Importer(815301076,1909f56bfc062723c751e8b465ee728b)
Start importing Assets/sergio/prefab/bush.fbx using Guid(dc56bce5a62c0874481dc57213a91437) Importer(815301076,1909f56bfc062723c751e8b465ee728b)  -> (artifact id: 'cead9e8b0c1b46eed511ae2f3f8fef3f') in 0.021488 seconds 
========================================================================
Received Import Request.
  Time since last request: 4.420420 seconds.
  path: Assets/sergio/prefab/texturesgrass.fbx
  artifactKey: Guid(589528df142dd164a803037c0429bed0) Importer(815301076,1909f56bfc062723c751e8b465ee728b)
Start importing Assets/sergio/prefab/texturesgrass.fbx using Guid(589528df142dd164a803037c0429bed0) Importer(815301076,1909f56bfc062723c751e8b465ee728b)  -> (artifact id: '254e5aaf8644740ba86081dd17a81b84') in 0.024144 seconds 
========================================================================
Received Import Request.
  Time since last request: 11.147856 seconds.
  path: Assets/sergio/texture/Alphagrass.png
  artifactKey: Guid(256b8409a75b5554fad0039c78d49b61) Importer(815301076,1909f56bfc062723c751e8b465ee728b)
Start importing Assets/sergio/texture/Alphagrass.png using Guid(256b8409a75b5554fad0039c78d49b61) Importer(815301076,1909f56bfc062723c751e8b465ee728b)  -> (artifact id: '8c88f3462651484b08d8ccbb1aaf9cec') in 0.042501 seconds 
========================================================================
Received Import Request.
  Time since last request: 0.000019 seconds.
  path: Assets/sergio/texture/Grass4.png
  artifactKey: Guid(03699b5b8e79bed4fa94075b03e9babb) Importer(815301076,1909f56bfc062723c751e8b465ee728b)
Start importing Assets/sergio/texture/Grass4.png using Guid(03699b5b8e79bed4fa94075b03e9babb) Importer(815301076,1909f56bfc062723c751e8b465ee728b)  -> (artifact id: 'c5a3727a4cbbcea45436e694f5118f04') in 0.018616 seconds 
========================================================================
Received Import Request.
  Time since last request: 0.000025 seconds.
  path: Assets/sergio/texture/Grass2.png
  artifactKey: Guid(eb7674b6d01ba9b4fa163692dae12012) Importer(815301076,1909f56bfc062723c751e8b465ee728b)
Start importing Assets/sergio/texture/Grass2.png using Guid(eb7674b6d01ba9b4fa163692dae12012) Importer(815301076,1909f56bfc062723c751e8b465ee728b)  -> (artifact id: '5cb503f89e4e203b04f2d62003e409d0') in 0.013553 seconds 
========================================================================
Received Import Request.
  Time since last request: 0.000028 seconds.
  path: Assets/sergio/texture/Grass3.png
  artifactKey: Guid(78899ac90bfea7c42ba13cc20b2939fb) Importer(815301076,1909f56bfc062723c751e8b465ee728b)
Start importing Assets/sergio/texture/Grass3.png using Guid(78899ac90bfea7c42ba13cc20b2939fb) Importer(815301076,1909f56bfc062723c751e8b465ee728b)  -> (artifact id: '81dd38fb3f60d9d17dc1e2048bc58409') in 0.017698 seconds 
Editor requested this worker to shutdown with reason: Scaling down because of idle timeout
AssetImportWorker is now disconnected from the server
Process exiting
Exiting without the bug reporter. Application will terminate with return code 0