Using pre-set license
Built from '2021.3/staging' branch; Version is '2021.3.0f1 (6eacc8284459) revision 7253192'; Using compiler version '192829333'; Build Type 'Release'
OS: 'Windows 10  (10.0.19044) 64bit Professional' Language: 'en' Physical Memory: 16253 MB
BatchMode: 1, IsHumanControllingUs: 0, StartBugReporterOnCrash: 0, Is64bit: 1, IsPro: 1

COMMAND LINE ARGUMENTS:
C:\Program Files\Unity\Hub\Editor\2021.3.0f1\Editor\Unity.exe
-adb2
-batchMode
-noUpm
-name
AssetImportWorker2
-projectPath
C:/Users/sergio/Desktop/Proyectodeclase/Proyectofinaljuego
-logFile
Logs/AssetImportWorker2.log
-srvPort
57387
Successfully changed project path to: C:/Users/sergio/Desktop/Proyectodeclase/Proyectofinaljuego
C:/Users/sergio/Desktop/Proyectodeclase/Proyectofinaljuego
[UnityMemory] Configuration Parameters - Can be set up in boot.config
    "memorysetup-bucket-allocator-granularity=16"
    "memorysetup-bucket-allocator-bucket-count=8"
    "memorysetup-bucket-allocator-block-size=33554432"
    "memorysetup-bucket-allocator-block-count=8"
    "memorysetup-main-allocator-block-size=16777216"
    "memorysetup-thread-allocator-block-size=16777216"
    "memorysetup-gfx-main-allocator-block-size=16777216"
    "memorysetup-gfx-thread-allocator-block-size=16777216"
    "memorysetup-cache-allocator-block-size=4194304"
    "memorysetup-typetree-allocator-block-size=2097152"
    "memorysetup-profiler-bucket-allocator-granularity=16"
    "memorysetup-profiler-bucket-allocator-bucket-count=8"
    "memorysetup-profiler-bucket-allocator-block-size=33554432"
    "memorysetup-profiler-bucket-allocator-block-count=8"
    "memorysetup-profiler-allocator-block-size=16777216"
    "memorysetup-profiler-editor-allocator-block-size=1048576"
    "memorysetup-temp-allocator-size-main=16777216"
    "memorysetup-job-temp-allocator-block-size=2097152"
    "memorysetup-job-temp-allocator-block-size-background=1048576"
    "memorysetup-job-temp-allocator-reduction-small-platforms=262144"
    "memorysetup-temp-allocator-size-background-worker=32768"
    "memorysetup-temp-allocator-size-job-worker=262144"
    "memorysetup-temp-allocator-size-preload-manager=33554432"
    "memorysetup-temp-allocator-size-nav-mesh-worker=65536"
    "memorysetup-temp-allocator-size-audio-worker=65536"
    "memorysetup-temp-allocator-size-cloud-worker=32768"
    "memorysetup-temp-allocator-size-gi-baking-worker=262144"
    "memorysetup-temp-allocator-size-gfx=262144"
Refreshing native plugins compatible for Editor in 79.46 ms, found 3 plugins.
Preloading 0 native plugins for Editor in 0.00 ms.
Initialize engine version: 2021.3.0f1 (6eacc8284459)
[Subsystems] Discovering subsystems at path C:/Program Files/Unity/Hub/Editor/2021.3.0f1/Editor/Data/Resources/UnitySubsystems
[Subsystems] Discovering subsystems at path C:/Users/sergio/Desktop/Proyectodeclase/Proyectofinaljuego/Assets
GfxDevice: creating device client; threaded=0; jobified=0
Direct3D:
    Version:  Direct3D 11.0 [level 11.1]
    Renderer: NVIDIA GeForce RTX 3060 (ID=0x2504)
    Vendor:   NVIDIA
    VRAM:     12142 MB
    Driver:   30.0.15.1123
Initialize mono
Mono path[0] = 'C:/Program Files/Unity/Hub/Editor/2021.3.0f1/Editor/Data/Managed'
Mono path[1] = 'C:/Program Files/Unity/Hub/Editor/2021.3.0f1/Editor/Data/MonoBleedingEdge/lib/mono/unityjit-win32'
Mono config path = 'C:/Program Files/Unity/Hub/Editor/2021.3.0f1/Editor/Data/MonoBleedingEdge/etc'
Using monoOptions --debugger-agent=transport=dt_socket,embedding=1,server=y,suspend=n,address=127.0.0.1:56740
Begin MonoManager ReloadAssembly
Registering precompiled unity dll's ...
Register platform support module: C:/Program Files/Unity/Hub/Editor/2021.3.0f1/Editor/Data/PlaybackEngines/WindowsStandaloneSupport/UnityEditor.WindowsStandalone.Extensions.dll
Registered in 0.010545 seconds.
Native extension for WindowsStandalone target not found
Refreshing native plugins compatible for Editor in 81.74 ms, found 3 plugins.
Preloading 0 native plugins for Editor in 0.00 ms.
Mono: successfully reloaded assembly
- Completed reload, in  0.681 seconds
Domain Reload Profiling:
	ReloadAssembly (681ms)
		BeginReloadAssembly (85ms)
			ExecutionOrderSort (0ms)
			DisableScriptedObjects (0ms)
			BackupInstance (0ms)
			ReleaseScriptingObjects (0ms)
			CreateAndSetChildDomain (1ms)
		EndReloadAssembly (468ms)
			LoadAssemblies (82ms)
			RebuildTransferFunctionScriptingTraits (0ms)
			SetupTypeCache (107ms)
			ReleaseScriptCaches (0ms)
			RebuildScriptCaches (28ms)
			SetupLoadedEditorAssemblies (274ms)
				LogAssemblyErrors (0ms)
				InitializePlatformSupportModulesInManaged (9ms)
				SetLoadedEditorAssemblies (0ms)
				RefreshPlugins (82ms)
				BeforeProcessingInitializeOnLoad (1ms)
				ProcessInitializeOnLoadAttributes (139ms)
				ProcessInitializeOnLoadMethodAttributes (44ms)
				AfterProcessingInitializeOnLoad (0ms)
				EditorAssembliesLoaded (0ms)
			ExecutionOrderSort2 (0ms)
			AwakeInstancesAfterBackupRestoration (0ms)
Platform modules already initialized, skipping
Registering precompiled user dll's ...
Registered in 0.004929 seconds.
Begin MonoManager ReloadAssembly
Symbol file LoadedFromMemory doesn't match image C:\Users\sergio\Desktop\Proyectodeclase\Proyectofinaljuego\Library\PackageCache\com.unity.visualscripting@1.7.6\Editor\VisualScripting.Core\Dependencies\YamlDotNet\Unity.VisualScripting.YamlDotNet.dll
Symbol file LoadedFromMemory is not a mono symbol file
Symbol file LoadedFromMemory doesn't match image C:\Users\sergio\Desktop\Proyectodeclase\Proyectofinaljuego\Library\PackageCache\com.unity.visualscripting@1.7.6\Editor\VisualScripting.Core\Dependencies\DotNetZip\Unity.VisualScripting.IonicZip.dll
Native extension for WindowsStandalone target not found
Refreshing native plugins compatible for Editor in 0.60 ms, found 3 plugins.
Preloading 0 native plugins for Editor in 0.00 ms.
Mono: successfully reloaded assembly
- Completed reload, in  0.974 seconds
Domain Reload Profiling:
	ReloadAssembly (974ms)
		BeginReloadAssembly (106ms)
			ExecutionOrderSort (0ms)
			DisableScriptedObjects (6ms)
			BackupInstance (0ms)
			ReleaseScriptingObjects (0ms)
			CreateAndSetChildDomain (18ms)
		EndReloadAssembly (756ms)
			LoadAssemblies (85ms)
			RebuildTransferFunctionScriptingTraits (0ms)
			SetupTypeCache (242ms)
			ReleaseScriptCaches (1ms)
			RebuildScriptCaches (49ms)
			SetupLoadedEditorAssemblies (343ms)
				LogAssemblyErrors (0ms)
				InitializePlatformSupportModulesInManaged (6ms)
				SetLoadedEditorAssemblies (0ms)
				RefreshPlugins (1ms)
				BeforeProcessingInitializeOnLoad (87ms)
				ProcessInitializeOnLoadAttributes (217ms)
				ProcessInitializeOnLoadMethodAttributes (23ms)
				AfterProcessingInitializeOnLoad (8ms)
				EditorAssembliesLoaded (0ms)
			ExecutionOrderSort2 (0ms)
			AwakeInstancesAfterBackupRestoration (5ms)
Platform modules already initialized, skipping
========================================================================
Worker process is ready to serve import requests
Launched and connected shader compiler UnityShaderCompiler.exe after 0.08 seconds
Refreshing native plugins compatible for Editor in 0.79 ms, found 3 plugins.
Preloading 0 native plugins for Editor in 0.00 ms.
Unloading 3225 Unused Serialized files (Serialized files now loaded: 0)
Unloading 23 unused Assets / (112.6 KB). Loaded Objects now: 3685.
Memory consumption went from 112.1 MB to 112.0 MB.
Total: 2.888100 ms (FindLiveObjects: 0.262600 ms CreateObjectMapping: 0.171400 ms MarkObjects: 2.360100 ms  DeleteObjects: 0.093200 ms)

AssetImportParameters requested are different than current active one (requested -> active):
  custom:video-decoder-ogg-theora: a1e56fd34408186e4bbccfd4996cb3dc -> 
  custom:container-muxer-webm: aa71ff27fc2769a1b78a27578f13a17b -> 
  custom:container-demuxer-webm: 4f35f7cbe854078d1ac9338744f61a02 -> 
  custom:video-encoder-webm-vp8: eb34c28f22e8b96e1ab97ce403110664 -> 
  custom:audio-encoder-webm-vorbis: bf7c407c2cedff20999df2af8eb42d56 -> 
  custom:framework-win-MediaFoundation: 216162199b28c13a410421893ffa2e32 -> 
  custom:container-demuxer-ogg: 62fdf1f143b41e24485cea50d1cbac27 -> 
  custom:video-decoder-webm-vp8: 9c59270c3fd7afecdb556c50c9e8de78 -> 
  custom:audio-decoder-ogg-vorbis: bf7c407c2cedff20999df2af8eb42d56 -> 
========================================================================
Received Import Request.
  Time since last request: 180241.799133 seconds.
  path: Assets/sergio/prefab/Grass.mat
  artifactKey: Guid(901822007f08b6241a03ba0dad3ebb9d) Importer(815301076,1909f56bfc062723c751e8b465ee728b)
Start importing Assets/sergio/prefab/Grass.mat using Guid(901822007f08b6241a03ba0dad3ebb9d) Importer(815301076,1909f56bfc062723c751e8b465ee728b)  -> (artifact id: 'bcf9211ebd4436367ad1674d978c401d') in 0.147803 seconds 
========================================================================
Received Import Request.
  Time since last request: 84.744468 seconds.
  path: Assets/sergio/Material/M_Road.mat
  artifactKey: Guid(b3262f6cd8a73804ebc2c797e20a02bd) Importer(815301076,1909f56bfc062723c751e8b465ee728b)
Start importing Assets/sergio/Material/M_Road.mat using Guid(b3262f6cd8a73804ebc2c797e20a02bd) Importer(815301076,1909f56bfc062723c751e8b465ee728b)  -> (artifact id: '6f01fa4ebca462f37ed08861cc27bccd') in 0.021616 seconds 
========================================================================
Received Import Request.
  Time since last request: 181.026961 seconds.
  path: Assets/sergio/Material/M_Road2.mat
  artifactKey: Guid(7ab4b6269669a304381b71cbd13e7624) Importer(815301076,1909f56bfc062723c751e8b465ee728b)
Start importing Assets/sergio/Material/M_Road2.mat using Guid(7ab4b6269669a304381b71cbd13e7624) Importer(815301076,1909f56bfc062723c751e8b465ee728b)  -> (artifact id: 'a9916c8ac257cfc1fec1123f18f2c95c') in 0.015427 seconds 
========================================================================
Received Import Request.
  Time since last request: 137.891799 seconds.
  path: Assets/sergio/Material/M_Grass.mat
  artifactKey: Guid(ea2966af2f23d564c8da9228b26ee107) Importer(815301076,1909f56bfc062723c751e8b465ee728b)
Start importing Assets/sergio/Material/M_Grass.mat using Guid(ea2966af2f23d564c8da9228b26ee107) Importer(815301076,1909f56bfc062723c751e8b465ee728b)  -> (artifact id: '416924ae633aac43f4791185936bd37b') in 0.017699 seconds 
========================================================================
Received Import Request.
  Time since last request: 540.858853 seconds.
  path: Assets/sergio/prefab/Grass 1.fbx
  artifactKey: Guid(4cce7a7b735e54c469b83b4bd91ce7fa) Importer(815301076,1909f56bfc062723c751e8b465ee728b)
Start importing Assets/sergio/prefab/Grass 1.fbx using Guid(4cce7a7b735e54c469b83b4bd91ce7fa) Importer(815301076,1909f56bfc062723c751e8b465ee728b)  -> (artifact id: '14347a85fe46bb7f37ebed739e0934d9') in 0.074205 seconds 
========================================================================
Received Import Request.
  Time since last request: 12.115074 seconds.
  path: Assets/sergio/prefab/texturesgrass 1.fbx
  artifactKey: Guid(6312499da8ef5b34e9bc9e0a9bdffd3e) Importer(815301076,1909f56bfc062723c751e8b465ee728b)
Start importing Assets/sergio/prefab/texturesgrass 1.fbx using Guid(6312499da8ef5b34e9bc9e0a9bdffd3e) Importer(815301076,1909f56bfc062723c751e8b465ee728b)  -> (artifact id: 'e2bc166bdc2b610d3d771d5755bd396d') in 0.038386 seconds 
========================================================================
Received Import Request.
  Time since last request: 27.173866 seconds.
  path: Assets/sergio/texture/StoneFloorTexture.png
  artifactKey: Guid(283c5acac62350b46bcb977ffff82435) Importer(815301076,1909f56bfc062723c751e8b465ee728b)
Start importing Assets/sergio/texture/StoneFloorTexture.png using Guid(283c5acac62350b46bcb977ffff82435) Importer(815301076,1909f56bfc062723c751e8b465ee728b)  -> (artifact id: 'd731c4bc141997b668ca7d1422988b06') in 0.038842 seconds 
========================================================================
Received Import Request.
  Time since last request: 18.866233 seconds.
  path: Assets/sergio/Material/M_Roadcave.mat
  artifactKey: Guid(aa84128f5ec88d841b0916438deb21de) Importer(815301076,1909f56bfc062723c751e8b465ee728b)
Start importing Assets/sergio/Material/M_Roadcave.mat using Guid(aa84128f5ec88d841b0916438deb21de) Importer(815301076,1909f56bfc062723c751e8b465ee728b)  -> (artifact id: 'c7a4e69fa15be3bd92867e665195c99d') in 0.024616 seconds 
